  Ajedrez.cpp
  Interaccion.cpp
  Listapiezas.cpp
  Mundo.cpp
C:\Users\victo\Desktop\Ajedrez_2\src\Mundo.cpp(42,15): warning C4305: '=': truncamiento de 'double' a 'float'
  Piezas.cpp
C:\Users\victo\Desktop\Ajedrez_2\src\Piezas.cpp(9,24): warning C4244: 'argumento': conversión de 'float' a 'int'; posible pérdida de datos
C:\Users\victo\Desktop\Ajedrez_2\src\Piezas.cpp(15,24): warning C4244: 'argumento': conversión de 'float' a 'int'; posible pérdida de datos
C:\Users\victo\Desktop\Ajedrez_2\src\Piezas.cpp(22,26): warning C4244: 'argumento': conversión de 'float' a 'int'; posible pérdida de datos
C:\Users\victo\Desktop\Ajedrez_2\src\Piezas.cpp(28,26): warning C4244: 'argumento': conversión de 'float' a 'int'; posible pérdida de datos
C:\Users\victo\Desktop\Ajedrez_2\src\Piezas.cpp(36,25): warning C4244: 'argumento': conversión de 'float' a 'int'; posible pérdida de datos
C:\Users\victo\Desktop\Ajedrez_2\src\Piezas.cpp(43,27): warning C4244: 'argumento': conversión de 'float' a 'int'; posible pérdida de datos
C:\Users\victo\Desktop\Ajedrez_2\src\Piezas.cpp(50,26): warning C4244: 'argumento': conversión de 'float' a 'int'; posible pérdida de datos
C:\Users\victo\Desktop\Ajedrez_2\src\Piezas.cpp(56,26): warning C4244: 'argumento': conversión de 'float' a 'int'; posible pérdida de datos
C:\Users\victo\Desktop\Ajedrez_2\src\Piezas.cpp(63,30): warning C4244: 'argumento': conversión de 'float' a 'int'; posible pérdida de datos
C:\Users\victo\Desktop\Ajedrez_2\src\Piezas.cpp(69,30): warning C4244: 'argumento': conversión de 'float' a 'int'; posible pérdida de datos
C:\Users\victo\Desktop\Ajedrez_2\src\Piezas.cpp(110,2): warning C4060: la instrucción switch no contiene etiquetas 'case' ni 'default'
  Torre.cpp
  Generando código...
  Ajedrez.vcxproj -> C:\Users\victo\Desktop\Ajedrez_2\bin\Ajedrez.exe
