c:\users\victo\desktop\ajedrez-upm-main\ajedrez\tmp\debug\vc142.pdb
c:\users\victo\desktop\ajedrez-upm-main\ajedrez\tmp\debug\vc142.idb
c:\users\victo\desktop\ajedrez-upm-main\ajedrez\tmp\debug\vector.obj
c:\users\victo\desktop\ajedrez-upm-main\ajedrez\tmp\debug\torres.obj
c:\users\victo\desktop\ajedrez-upm-main\ajedrez\tmp\debug\piezas.obj
c:\users\victo\desktop\ajedrez-upm-main\ajedrez\tmp\debug\peones.obj
c:\users\victo\desktop\ajedrez-upm-main\ajedrez\tmp\debug\listapeones.obj
c:\users\victo\desktop\ajedrez-upm-main\ajedrez\tmp\debug\ajedrez.obj
c:\users\victo\desktop\ajedrez-upm-main\ajedrez\tmp\debug\dama.obj
c:\users\victo\desktop\ajedrez-upm-main\ajedrez\tmp\debug\rey.obj
c:\users\victo\desktop\ajedrez-upm-main\ajedrez\tmp\debug\caballo.obj
c:\users\victo\desktop\ajedrez-upm-main\ajedrez\tmp\debug\alfil.obj
c:\users\victo\desktop\ajedrez-upm-main\ajedrez\tmp\debug\peon.obj
c:\users\victo\desktop\ajedrez-upm-main\ajedrez\tmp\debug\mundo.obj
c:\users\victo\desktop\ajedrez-upm-main\ajedrez\tmp\debug\torre.obj
c:\users\victo\desktop\ajedrez-upm-main\ajedrez\bin\ajedrez.exe
c:\users\victo\desktop\ajedrez-upm-main\ajedrez\tmp\debug\ajedrez.ilk
c:\users\victo\desktop\ajedrez-upm-main\ajedrez\bin\ajedrez.pdb
c:\users\victo\desktop\ajedrez-upm-main\ajedrez\tmp\debug\ajedrez.tlog\cl.command.1.tlog
c:\users\victo\desktop\ajedrez-upm-main\ajedrez\tmp\debug\ajedrez.tlog\cl.read.1.tlog
c:\users\victo\desktop\ajedrez-upm-main\ajedrez\tmp\debug\ajedrez.tlog\cl.write.1.tlog
c:\users\victo\desktop\ajedrez-upm-main\ajedrez\tmp\debug\ajedrez.tlog\link.command.1.tlog
c:\users\victo\desktop\ajedrez-upm-main\ajedrez\tmp\debug\ajedrez.tlog\link.read.1.tlog
c:\users\victo\desktop\ajedrez-upm-main\ajedrez\tmp\debug\ajedrez.tlog\link.write.1.tlog
