  Ajedrez.cpp
  Alfil.cpp
  Caballo.cpp
  Casilla.cpp
  CoordinadorAjedrez.cpp
  Dama.cpp
  Interaccion.cpp
  ListasPiezas.cpp
  Peon.cpp
  Pieza.cpp
  Rey.cpp
  Selector.cpp
  Tablero.cpp
C:\Users\victo\Documents\GitHub\Ajedrez-UPM\Ajedrez\src\Tablero.cpp(22,49): warning C4244: 'argumento': conversión de 'double' a 'int'; posible pérdida de datos
C:\Users\victo\Documents\GitHub\Ajedrez-UPM\Ajedrez\src\Tablero.cpp(24,45): warning C4244: 'argumento': conversión de 'double' a 'int'; posible pérdida de datos
C:\Users\victo\Documents\GitHub\Ajedrez-UPM\Ajedrez\src\Tablero.cpp(33,29): warning C4244: 'argumento': conversión de 'double' a 'float'; posible pérdida de datos
C:\Users\victo\Documents\GitHub\Ajedrez-UPM\Ajedrez\src\Tablero.cpp(34,32): warning C4244: 'argumento': conversión de 'double' a 'float'; posible pérdida de datos
C:\Users\victo\Documents\GitHub\Ajedrez-UPM\Ajedrez\src\Tablero.cpp(67,24): warning C4305: 'argumento': truncamiento de 'double' a 'GLfloat'
C:\Users\victo\Documents\GitHub\Ajedrez-UPM\Ajedrez\src\Tablero.cpp(68,24): warning C4305: 'argumento': truncamiento de 'double' a 'GLfloat'
C:\Users\victo\Documents\GitHub\Ajedrez-UPM\Ajedrez\src\Tablero.cpp(69,24): warning C4305: 'argumento': truncamiento de 'double' a 'GLfloat'
C:\Users\victo\Documents\GitHub\Ajedrez-UPM\Ajedrez\src\Tablero.cpp(70,23): warning C4305: 'argumento': truncamiento de 'double' a 'GLfloat'
C:\Users\victo\Documents\GitHub\Ajedrez-UPM\Ajedrez\src\Tablero.cpp(71,23): warning C4305: 'argumento': truncamiento de 'double' a 'GLfloat'
C:\Users\victo\Documents\GitHub\Ajedrez-UPM\Ajedrez\src\Tablero.cpp(72,23): warning C4305: 'argumento': truncamiento de 'double' a 'GLfloat'
C:\Users\victo\Documents\GitHub\Ajedrez-UPM\Ajedrez\src\Tablero.cpp(73,23): warning C4305: 'argumento': truncamiento de 'double' a 'GLfloat'
C:\Users\victo\Documents\GitHub\Ajedrez-UPM\Ajedrez\src\Tablero.cpp(74,24): warning C4305: 'argumento': truncamiento de 'double' a 'GLfloat'
C:\Users\victo\Documents\GitHub\Ajedrez-UPM\Ajedrez\src\Tablero.cpp(84,15): warning C4305: '=': truncamiento de 'double' a 'float'
C:\Users\victo\Documents\GitHub\Ajedrez-UPM\Ajedrez\src\Tablero.cpp(97,26): warning C4244: 'argumento': conversión de 'float' a 'int'; posible pérdida de datos
C:\Users\victo\Documents\GitHub\Ajedrez-UPM\Ajedrez\src\Tablero.cpp(102,26): warning C4244: 'argumento': conversión de 'float' a 'int'; posible pérdida de datos
C:\Users\victo\Documents\GitHub\Ajedrez-UPM\Ajedrez\src\Tablero.cpp(108,26): warning C4244: 'argumento': conversión de 'float' a 'int'; posible pérdida de datos
C:\Users\victo\Documents\GitHub\Ajedrez-UPM\Ajedrez\src\Tablero.cpp(114,26): warning C4244: 'argumento': conversión de 'float' a 'int'; posible pérdida de datos
C:\Users\victo\Documents\GitHub\Ajedrez-UPM\Ajedrez\src\Tablero.cpp(120,30): warning C4244: 'argumento': conversión de 'float' a 'int'; posible pérdida de datos
C:\Users\victo\Documents\GitHub\Ajedrez-UPM\Ajedrez\src\Tablero.cpp(126,30): warning C4244: 'argumento': conversión de 'float' a 'int'; posible pérdida de datos
C:\Users\victo\Documents\GitHub\Ajedrez-UPM\Ajedrez\src\Tablero.cpp(132,24): warning C4244: 'argumento': conversión de 'float' a 'int'; posible pérdida de datos
C:\Users\victo\Documents\GitHub\Ajedrez-UPM\Ajedrez\src\Tablero.cpp(138,24): warning C4244: 'argumento': conversión de 'float' a 'int'; posible pérdida de datos
  Torre.cpp
  Vector.cpp
C:\Users\victo\Documents\GitHub\Ajedrez-UPM\Ajedrez\src\Vector.cpp(15,21): warning C4305: '=': truncamiento de 'double' a 'float'
C:\Users\victo\Documents\GitHub\Ajedrez-UPM\Ajedrez\src\Vector.cpp(18,22): warning C4305: '=': truncamiento de 'double' a 'float'
C:\Users\victo\Documents\GitHub\Ajedrez-UPM\Ajedrez\src\Vector.cpp(24,22): warning C4305: '=': truncamiento de 'double' a 'float'
C:\Users\victo\Documents\GitHub\Ajedrez-UPM\Ajedrez\src\Vector.cpp(27,22): warning C4305: '=': truncamiento de 'double' a 'float'
C:\Users\victo\Documents\GitHub\Ajedrez-UPM\Ajedrez\src\Vector.cpp(30,22): warning C4305: '=': truncamiento de 'double' a 'float'
C:\Users\victo\Documents\GitHub\Ajedrez-UPM\Ajedrez\src\Vector.cpp(33,22): warning C4305: '=': truncamiento de 'double' a 'float'
C:\Users\victo\Documents\GitHub\Ajedrez-UPM\Ajedrez\src\Vector.cpp(36,21): warning C4305: '=': truncamiento de 'double' a 'float'
C:\Users\victo\Documents\GitHub\Ajedrez-UPM\Ajedrez\src\Vector.cpp(46,21): warning C4305: '=': truncamiento de 'double' a 'float'
C:\Users\victo\Documents\GitHub\Ajedrez-UPM\Ajedrez\src\Vector.cpp(49,22): warning C4305: '=': truncamiento de 'double' a 'float'
C:\Users\victo\Documents\GitHub\Ajedrez-UPM\Ajedrez\src\Vector.cpp(52,22): warning C4305: '=': truncamiento de 'double' a 'float'
C:\Users\victo\Documents\GitHub\Ajedrez-UPM\Ajedrez\src\Vector.cpp(55,21): warning C4305: '=': truncamiento de 'double' a 'float'
C:\Users\victo\Documents\GitHub\Ajedrez-UPM\Ajedrez\src\Vector.cpp(58,22): warning C4305: '=': truncamiento de 'double' a 'float'
C:\Users\victo\Documents\GitHub\Ajedrez-UPM\Ajedrez\src\Vector.cpp(64,21): warning C4305: '=': truncamiento de 'double' a 'float'
C:\Users\victo\Documents\GitHub\Ajedrez-UPM\Ajedrez\src\Vector.cpp(67,21): warning C4305: '=': truncamiento de 'double' a 'float'
  Generando código...
  Ajedrez.vcxproj -> C:\Users\victo\Documents\GitHub\Ajedrez-UPM\Ajedrez\bin\Ajedrez.exe
