  Ajedrez.cpp
  Alfil.cpp
  Caballo.cpp
  Casilla.cpp
  Dama.cpp
  Interaccion.cpp
  Listapiezas.cpp
  Movimiento.cpp
  ObjetoMovil.cpp
  Peon.cpp
  Mundo.cpp
C:\Users\victo\Downloads\Ajedrez_listapiezas\Ajedrez_2\src\Mundo.cpp(42,15): warning C4305: '=': truncamiento de 'double' a 'float'
  Piezas.cpp
C:\Users\victo\Downloads\Ajedrez_listapiezas\Ajedrez_2\src\Piezas.cpp(9,24): warning C4244: 'argumento': conversión de 'float' a 'int'; posible pérdida de datos
C:\Users\victo\Downloads\Ajedrez_listapiezas\Ajedrez_2\src\Piezas.cpp(15,24): warning C4244: 'argumento': conversión de 'float' a 'int'; posible pérdida de datos
C:\Users\victo\Downloads\Ajedrez_listapiezas\Ajedrez_2\src\Piezas.cpp(22,26): warning C4244: 'argumento': conversión de 'float' a 'int'; posible pérdida de datos
C:\Users\victo\Downloads\Ajedrez_listapiezas\Ajedrez_2\src\Piezas.cpp(28,26): warning C4244: 'argumento': conversión de 'float' a 'int'; posible pérdida de datos
C:\Users\victo\Downloads\Ajedrez_listapiezas\Ajedrez_2\src\Piezas.cpp(36,25): warning C4244: 'argumento': conversión de 'float' a 'int'; posible pérdida de datos
C:\Users\victo\Downloads\Ajedrez_listapiezas\Ajedrez_2\src\Piezas.cpp(43,27): warning C4244: 'argumento': conversión de 'float' a 'int'; posible pérdida de datos
C:\Users\victo\Downloads\Ajedrez_listapiezas\Ajedrez_2\src\Piezas.cpp(50,26): warning C4244: 'argumento': conversión de 'float' a 'int'; posible pérdida de datos
C:\Users\victo\Downloads\Ajedrez_listapiezas\Ajedrez_2\src\Piezas.cpp(56,26): warning C4244: 'argumento': conversión de 'float' a 'int'; posible pérdida de datos
C:\Users\victo\Downloads\Ajedrez_listapiezas\Ajedrez_2\src\Piezas.cpp(63,30): warning C4244: 'argumento': conversión de 'float' a 'int'; posible pérdida de datos
C:\Users\victo\Downloads\Ajedrez_listapiezas\Ajedrez_2\src\Piezas.cpp(69,30): warning C4244: 'argumento': conversión de 'float' a 'int'; posible pérdida de datos
C:\Users\victo\Downloads\Ajedrez_listapiezas\Ajedrez_2\src\Piezas.cpp(110,2): warning C4060: la instrucción switch no contiene etiquetas 'case' ni 'default'
  Rey.cpp
  Selector.cpp
  Tablero.cpp
C:\Users\victo\Downloads\Ajedrez_listapiezas\Ajedrez_2\src\Tablero.cpp(15,26): warning C4244: '=': conversión de 'double' a 'float'; posible pérdida de datos
C:\Users\victo\Downloads\Ajedrez_listapiezas\Ajedrez_2\src\Tablero.cpp(16,29): warning C4244: '=': conversión de 'double' a 'float'; posible pérdida de datos
C:\Users\victo\Downloads\Ajedrez_listapiezas\Ajedrez_2\src\Tablero.cpp(48,26): warning C4305: 'argumento': truncamiento de 'double' a 'GLfloat'
C:\Users\victo\Downloads\Ajedrez_listapiezas\Ajedrez_2\src\Tablero.cpp(49,26): warning C4305: 'argumento': truncamiento de 'double' a 'GLfloat'
C:\Users\victo\Downloads\Ajedrez_listapiezas\Ajedrez_2\src\Tablero.cpp(50,26): warning C4305: 'argumento': truncamiento de 'double' a 'GLfloat'
C:\Users\victo\Downloads\Ajedrez_listapiezas\Ajedrez_2\src\Tablero.cpp(51,25): warning C4305: 'argumento': truncamiento de 'double' a 'GLfloat'
C:\Users\victo\Downloads\Ajedrez_listapiezas\Ajedrez_2\src\Tablero.cpp(52,25): warning C4305: 'argumento': truncamiento de 'double' a 'GLfloat'
C:\Users\victo\Downloads\Ajedrez_listapiezas\Ajedrez_2\src\Tablero.cpp(53,25): warning C4305: 'argumento': truncamiento de 'double' a 'GLfloat'
C:\Users\victo\Downloads\Ajedrez_listapiezas\Ajedrez_2\src\Tablero.cpp(54,25): warning C4305: 'argumento': truncamiento de 'double' a 'GLfloat'
C:\Users\victo\Downloads\Ajedrez_listapiezas\Ajedrez_2\src\Tablero.cpp(55,26): warning C4305: 'argumento': truncamiento de 'double' a 'GLfloat'
  Torre.cpp
  Vector.cpp
C:\Users\victo\Downloads\Ajedrez_listapiezas\Ajedrez_2\src\Vector.cpp(44,21): warning C4305: '=': truncamiento de 'double' a 'float'
C:\Users\victo\Downloads\Ajedrez_listapiezas\Ajedrez_2\src\Vector.cpp(47,22): warning C4305: '=': truncamiento de 'double' a 'float'
C:\Users\victo\Downloads\Ajedrez_listapiezas\Ajedrez_2\src\Vector.cpp(53,22): warning C4305: '=': truncamiento de 'double' a 'float'
C:\Users\victo\Downloads\Ajedrez_listapiezas\Ajedrez_2\src\Vector.cpp(56,22): warning C4305: '=': truncamiento de 'double' a 'float'
C:\Users\victo\Downloads\Ajedrez_listapiezas\Ajedrez_2\src\Vector.cpp(59,22): warning C4305: '=': truncamiento de 'double' a 'float'
C:\Users\victo\Downloads\Ajedrez_listapiezas\Ajedrez_2\src\Vector.cpp(62,22): warning C4305: '=': truncamiento de 'double' a 'float'
C:\Users\victo\Downloads\Ajedrez_listapiezas\Ajedrez_2\src\Vector.cpp(65,21): warning C4305: '=': truncamiento de 'double' a 'float'
C:\Users\victo\Downloads\Ajedrez_listapiezas\Ajedrez_2\src\Vector.cpp(72,21): warning C4305: '=': truncamiento de 'double' a 'float'
C:\Users\victo\Downloads\Ajedrez_listapiezas\Ajedrez_2\src\Vector.cpp(75,22): warning C4305: '=': truncamiento de 'double' a 'float'
C:\Users\victo\Downloads\Ajedrez_listapiezas\Ajedrez_2\src\Vector.cpp(78,22): warning C4305: '=': truncamiento de 'double' a 'float'
C:\Users\victo\Downloads\Ajedrez_listapiezas\Ajedrez_2\src\Vector.cpp(81,21): warning C4305: '=': truncamiento de 'double' a 'float'
C:\Users\victo\Downloads\Ajedrez_listapiezas\Ajedrez_2\src\Vector.cpp(84,22): warning C4305: '=': truncamiento de 'double' a 'float'
C:\Users\victo\Downloads\Ajedrez_listapiezas\Ajedrez_2\src\Vector.cpp(90,21): warning C4305: '=': truncamiento de 'double' a 'float'
C:\Users\victo\Downloads\Ajedrez_listapiezas\Ajedrez_2\src\Vector.cpp(93,21): warning C4305: '=': truncamiento de 'double' a 'float'
  Generando código...
  Ajedrez.vcxproj -> C:\Users\victo\Downloads\Ajedrez_listapiezas\Ajedrez_2\bin\Ajedrez.exe
